<?xml version="1.0" encoding="UTF-8"?>
<!-- Generated by org.testng.reporters.JUnitReportReporter -->
<testsuite skipped="0" hostname="pc" name="tests.AddBusinessTest" tests="3" failures="0" timestamp="03 Aug 2018 19:24:12 GMT" time="22.224" errors="0">
  <testcase name="enterBusinessPage" time="2.263" classname="tests.AddBusinessTest"/>
  <testcase name="addNewBusiness" time="9.505" classname="tests.AddBusinessTest"/>
  <testcase name="addNewAccount" time="10.456" classname="tests.AddBusinessTest"/>
</testsuite> <!-- tests.AddBusinessTest -->
