<?xml version="1.0" encoding="UTF-8"?>
<!-- Generated by org.testng.reporters.JUnitReportReporter -->
<testsuite skipped="0" hostname="pc" name="tests.LoginPageTest" tests="11" failures="0" timestamp="03 Aug 2018 19:24:12 GMT" time="21.965" errors="0">
  <testcase name="invalidEmailInc" time="2.621" classname="tests.LoginPageTest"/>
  <testcase name="invalidEmailCor" time="1.721" classname="tests.LoginPageTest"/>
  <testcase name="invalidPassInc" time="1.791" classname="tests.LoginPageTest"/>
  <testcase name="invalidPassCor" time="2.147" classname="tests.LoginPageTest"/>
  <testcase name="incorrBoth" time="2.898" classname="tests.LoginPageTest"/>
  <testcase name="incorrPass" time="1.964" classname="tests.LoginPageTest"/>
  <testcase name="incorrEmail" time="1.809" classname="tests.LoginPageTest"/>
  <testcase name="blankBoth" time="1.234" classname="tests.LoginPageTest"/>
  <testcase name="blankEmail" time="1.163" classname="tests.LoginPageTest"/>
  <testcase name="blankPass" time="1.572" classname="tests.LoginPageTest"/>
  <testcase name="login" time="3.045" classname="tests.LoginPageTest"/>
</testsuite> <!-- tests.LoginPageTest -->
